<?xml version="1.0" encoding="UTF-8"?>
<testng-results skipped="0" failed="0" ignored="0" total="2" passed="2">
  <reporter-output>
  </reporter-output>
  <suite name="Default suite" duration-ms="39978" started-at="2022-03-30T17:47:14Z" finished-at="2022-03-30T17:47:54Z">
    <groups>
      <group name="cucumber">
        <method signature="AbstractTestNGCucumberTests.runScenario(io.cucumber.testng.PickleWrapper, io.cucumber.testng.FeatureWrapper)[pri:0, instance:runner.RunnerIO@6e1ec318]" name="runScenario" class="io.cucumber.testng.AbstractTestNGCucumberTests"/>
      </group> <!-- cucumber -->
    </groups>
    <test name="Default test" duration-ms="39978" started-at="2022-03-30T17:47:14Z" finished-at="2022-03-30T17:47:54Z">
      <class name="runner.RunnerIO">
        <test-method status="PASS" signature="setUpClass()[pri:0, instance:runner.RunnerIO@6e1ec318]" name="setUpClass" is-config="true" duration-ms="945" started-at="2022-03-30T17:47:14Z" finished-at="2022-03-30T17:47:15Z">
          <reporter-output>
          </reporter-output>
        </test-method> <!-- setUpClass -->
        <test-method status="PASS" signature="runScenario(io.cucumber.testng.PickleWrapper, io.cucumber.testng.FeatureWrapper)[pri:0, instance:runner.RunnerIO@6e1ec318]" name="runScenario" duration-ms="9219" started-at="2022-03-30T17:47:15Z" description="Runs Cucumber Scenarios" data-provider="scenarios" finished-at="2022-03-30T17:47:25Z">
          <params>
            <param index="0">
              <value>
                <![CDATA["As a user I want to login to apllication with valid credentials"]]>
              </value>
            </param>
            <param index="1">
              <value>
                <![CDATA["Optional[Login Feature]"]]>
              </value>
            </param>
          </params>
          <reporter-output>
          </reporter-output>
        </test-method> <!-- runScenario -->
        <test-method status="PASS" signature="runScenario(io.cucumber.testng.PickleWrapper, io.cucumber.testng.FeatureWrapper)[pri:0, instance:runner.RunnerIO@6e1ec318]" name="runScenario" duration-ms="29548" started-at="2022-03-30T17:47:25Z" description="Runs Cucumber Scenarios" data-provider="scenarios" finished-at="2022-03-30T17:47:54Z">
          <params>
            <param index="0">
              <value>
                <![CDATA["As a user i will open the flipkart and book a mobile"]]>
              </value>
            </param>
            <param index="1">
              <value>
                <![CDATA["Optional[Title of your feature]"]]>
              </value>
            </param>
          </params>
          <reporter-output>
          </reporter-output>
        </test-method> <!-- runScenario -->
        <test-method status="PASS" signature="tearDownClass()[pri:0, instance:runner.RunnerIO@6e1ec318]" name="tearDownClass" is-config="true" duration-ms="222" started-at="2022-03-30T17:47:54Z" finished-at="2022-03-30T17:47:54Z">
          <reporter-output>
          </reporter-output>
        </test-method> <!-- tearDownClass -->
      </class> <!-- runner.RunnerIO -->
    </test> <!-- Default test -->
  </suite> <!-- Default suite -->
</testng-results>
